composeApp/build/intermediates/manifest_merge_blame_file/debug/processDebugMainManifest/manifest-merger-blame-debug-report.txt
1<?xml version="1.0" encoding="utf-8"?>
2<manifest xmlns:android="http://schemas.android.com/apk/res/android"
3    package="com.studies.rrbmustudies"
4    android:versionCode="2"
5    android:versionName="2.0.0" >
6
7    <uses-sdk
8        android:minSdkVersion="26"
9        android:targetSdkVersion="35" />
10
11    <uses-permission android:name="android.permission.INTERNET" />
11-->src/androidMain/AndroidManifest.xml:5:5-67
11-->src/androidMain/AndroidManifest.xml:5:22-64
12    <uses-permission android:name="android.permission.POST_NOTIFICATIONS" />
12-->src/androidMain/AndroidManifest.xml:6:5-77
12-->src/androidMain/AndroidManifest.xml:6:22-74
13    <uses-permission android:name="android.permission.ACCESS_NETWORK_STATE" />
13-->[com.google.firebase:firebase-messaging:24.1.0] AndroidManifest.xml:22:5-79
13-->[com.google.firebase:firebase-messaging:24.1.0] AndroidManifest.xml:22:22-76
14    <uses-permission android:name="android.permission.WAKE_LOCK" /> <!-- Required by older versions of Google Play services to create IID tokens -->
14-->[com.google.firebase:firebase-messaging:24.1.0] AndroidManifest.xml:24:5-68
14-->[com.google.firebase:firebase-messaging:24.1.0] AndroidManifest.xml:24:22-65
15    <uses-permission android:name="com.google.android.c2dm.permission.RECEIVE" />
15-->[com.google.firebase:firebase-messaging:24.1.0] AndroidManifest.xml:26:5-82
15-->[com.google.firebase:firebase-messaging:24.1.0] AndroidManifest.xml:26:22-79
16    <uses-permission android:name="com.google.android.gms.permission.AD_ID" />
16-->[com.google.android.gms:play-services-measurement-api:22.1.0] AndroidManifest.xml:25:5-79
16-->[com.google.android.gms:play-services-measurement-api:22.1.0] AndroidManifest.xml:25:22-76
17    <uses-permission android:name="android.permission.ACCESS_ADSERVICES_ATTRIBUTION" />
17-->[com.google.android.gms:play-services-measurement-api:22.1.0] AndroidManifest.xml:26:5-88
17-->[com.google.android.gms:play-services-measurement-api:22.1.0] AndroidManifest.xml:26:22-85
18    <uses-permission android:name="android.permission.ACCESS_ADSERVICES_AD_ID" />
18-->[com.google.android.gms:play-services-measurement-api:22.1.0] AndroidManifest.xml:27:5-82
18-->[com.google.android.gms:play-services-measurement-api:22.1.0] AndroidManifest.xml:27:22-79
19    <uses-permission android:name="com.google.android.finsky.permission.BIND_GET_INSTALL_REFERRER_SERVICE" />
19-->[com.google.android.gms:play-services-measurement:22.1.0] AndroidManifest.xml:26:5-110
19-->[com.google.android.gms:play-services-measurement:22.1.0] AndroidManifest.xml:26:22-107
20    <uses-permission android:name="android.permission.ACCESS_ADSERVICES_TOPICS" /> <!-- Android package visibility setting -->
20-->[com.google.android.gms:play-services-ads-lite:23.6.0] AndroidManifest.xml:29:5-83
20-->[com.google.android.gms:play-services-ads-lite:23.6.0] AndroidManifest.xml:29:22-80
21    <queries>
21-->[com.google.android.gms:play-services-ads-lite:23.6.0] AndroidManifest.xml:35:5-68:15
22
23        <!-- For browser content -->
24        <intent>
24-->[com.google.android.gms:play-services-ads-lite:23.6.0] AndroidManifest.xml:38:9-44:18
25            <action android:name="android.intent.action.VIEW" />
25-->src/androidMain/AndroidManifest.xml:31:17-69
25-->src/androidMain/AndroidManifest.xml:31:25-66
26
27            <category android:name="android.intent.category.BROWSABLE" />
27-->src/androidMain/AndroidManifest.xml:33:17-78
27-->src/androidMain/AndroidManifest.xml:33:27-75
28
29            <data android:scheme="https" />
29-->src/androidMain/AndroidManifest.xml:34:17-83
29-->src/androidMain/AndroidManifest.xml:34:23-52
30        </intent>
31        <!-- End of browser content -->
32        <!-- For CustomTabsService -->
33        <intent>
33-->[com.google.android.gms:play-services-ads-lite:23.6.0] AndroidManifest.xml:47:9-49:18
34            <action android:name="android.support.customtabs.action.CustomTabsService" />
34-->[com.google.android.gms:play-services-ads-lite:23.6.0] AndroidManifest.xml:48:13-90
34-->[com.google.android.gms:play-services-ads-lite:23.6.0] AndroidManifest.xml:48:21-87
35        </intent>
36        <!-- End of CustomTabsService -->
37        <!-- For MRAID capabilities -->
38        <intent>
38-->[com.google.android.gms:play-services-ads-lite:23.6.0] AndroidManifest.xml:52:9-56:18
39            <action android:name="android.intent.action.INSERT" />
39-->[com.google.android.gms:play-services-ads-lite:23.6.0] AndroidManifest.xml:53:13-67
39-->[com.google.android.gms:play-services-ads-lite:23.6.0] AndroidManifest.xml:53:21-64
40
41            <data android:mimeType="vnd.android.cursor.dir/event" />
41-->src/androidMain/AndroidManifest.xml:34:17-83
42        </intent>
43        <intent>
43-->[com.google.android.gms:play-services-ads-lite:23.6.0] AndroidManifest.xml:57:9-61:18
44            <action android:name="android.intent.action.VIEW" />
44-->src/androidMain/AndroidManifest.xml:31:17-69
44-->src/androidMain/AndroidManifest.xml:31:25-66
45
46            <data android:scheme="sms" />
46-->src/androidMain/AndroidManifest.xml:34:17-83
46-->src/androidMain/AndroidManifest.xml:34:23-52
47        </intent>
48        <intent>
48-->[com.google.android.gms:play-services-ads-lite:23.6.0] AndroidManifest.xml:62:9-66:18
49            <action android:name="android.intent.action.DIAL" />
49-->[com.google.android.gms:play-services-ads-lite:23.6.0] AndroidManifest.xml:63:13-65
49-->[com.google.android.gms:play-services-ads-lite:23.6.0] AndroidManifest.xml:63:21-62
50
51            <data android:path="tel:" />
51-->src/androidMain/AndroidManifest.xml:34:17-83
52        </intent>
53        <!-- End of MRAID capabilities -->
54    </queries>
55
56    <uses-permission android:name="android.permission.FOREGROUND_SERVICE" />
56-->[androidx.work:work-runtime:2.7.0] AndroidManifest.xml:28:5-77
56-->[androidx.work:work-runtime:2.7.0] AndroidManifest.xml:28:22-74
57
58    <permission
58-->[androidx.core:core:1.15.0] AndroidManifest.xml:22:5-24:47
59        android:name="com.studies.rrbmustudies.DYNAMIC_RECEIVER_NOT_EXPORTED_PERMISSION"
59-->[androidx.core:core:1.15.0] AndroidManifest.xml:23:9-81
60        android:protectionLevel="signature" />
60-->[androidx.core:core:1.15.0] AndroidManifest.xml:24:9-44
61
62    <uses-permission android:name="com.studies.rrbmustudies.DYNAMIC_RECEIVER_NOT_EXPORTED_PERMISSION" />
62-->[androidx.core:core:1.15.0] AndroidManifest.xml:26:5-97
62-->[androidx.core:core:1.15.0] AndroidManifest.xml:26:22-94
63    <uses-permission android:name="com.google.android.providers.gsf.permission.READ_GSERVICES" />
63-->[com.google.android.recaptcha:recaptcha:18.4.0] AndroidManifest.xml:9:5-98
63-->[com.google.android.recaptcha:recaptcha:18.4.0] AndroidManifest.xml:9:22-95
64
65    <application
65-->src/androidMain/AndroidManifest.xml:8:5-62:19
66        android:allowBackup="true"
66-->src/androidMain/AndroidManifest.xml:9:9-35
67        android:appComponentFactory="androidx.core.app.CoreComponentFactory"
67-->[androidx.core:core:1.15.0] AndroidManifest.xml:28:18-86
68        android:debuggable="true"
69        android:extractNativeLibs="false"
70        android:icon="@mipmap/ic_launcher"
70-->src/androidMain/AndroidManifest.xml:10:9-43
71        android:label="RRBMU Studies"
71-->src/androidMain/AndroidManifest.xml:11:9-38
72        android:roundIcon="@mipmap/ic_launcher_round"
72-->src/androidMain/AndroidManifest.xml:12:9-54
73        android:supportsRtl="true"
73-->src/androidMain/AndroidManifest.xml:13:9-35
74        android:testOnly="true"
75        android:theme="@android:style/Theme.Material.Light.NoActionBar" >
75-->src/androidMain/AndroidManifest.xml:14:9-72
76        <activity
76-->src/androidMain/AndroidManifest.xml:16:9-37:20
77            android:name="com.studies.rrbmustudies.MainActivity"
77-->src/androidMain/AndroidManifest.xml:17:13-41
78            android:exported="true"
78-->src/androidMain/AndroidManifest.xml:18:13-36
79            android:launchMode="singleTop"
79-->src/androidMain/AndroidManifest.xml:19:13-43
80            android:theme="@android:style/Theme.Material.Light.NoActionBar" >
80-->src/androidMain/AndroidManifest.xml:20:13-76
81            <intent-filter>
81-->src/androidMain/AndroidManifest.xml:21:13-24:29
82                <action android:name="android.intent.action.MAIN" />
82-->src/androidMain/AndroidManifest.xml:22:17-69
82-->src/androidMain/AndroidManifest.xml:22:25-66
83
84                <category android:name="android.intent.category.LAUNCHER" />
84-->src/androidMain/AndroidManifest.xml:23:17-77
84-->src/androidMain/AndroidManifest.xml:23:27-74
85            </intent-filter>
86            <intent-filter>
86-->src/androidMain/AndroidManifest.xml:25:13-28:29
87                <action android:name="OPEN_NOTIFICATION" />
87-->src/androidMain/AndroidManifest.xml:26:17-60
87-->src/androidMain/AndroidManifest.xml:26:25-57
88
89                <category android:name="android.intent.category.DEFAULT" />
89-->src/androidMain/AndroidManifest.xml:27:17-76
89-->src/androidMain/AndroidManifest.xml:27:27-73
90            </intent-filter>
91            <!-- Shared app links: rrbmustudies://notification/... and rrbmustudies://paper/... -->
92            <intent-filter>
92-->src/androidMain/AndroidManifest.xml:30:13-36:29
93                <action android:name="android.intent.action.VIEW" />
93-->src/androidMain/AndroidManifest.xml:31:17-69
93-->src/androidMain/AndroidManifest.xml:31:25-66
94
95                <category android:name="android.intent.category.DEFAULT" />
95-->src/androidMain/AndroidManifest.xml:27:17-76
95-->src/androidMain/AndroidManifest.xml:27:27-73
96                <category android:name="android.intent.category.BROWSABLE" />
96-->src/androidMain/AndroidManifest.xml:33:17-78
96-->src/androidMain/AndroidManifest.xml:33:27-75
97
98                <data
98-->src/androidMain/AndroidManifest.xml:34:17-83
99                    android:host="notification"
99-->src/androidMain/AndroidManifest.xml:34:53-80
100                    android:scheme="rrbmustudies" />
100-->src/androidMain/AndroidManifest.xml:34:23-52
101                <data
101-->src/androidMain/AndroidManifest.xml:34:17-83
102                    android:host="paper"
102-->src/androidMain/AndroidManifest.xml:34:53-80
103                    android:scheme="rrbmustudies" />
103-->src/androidMain/AndroidManifest.xml:34:23-52
104            </intent-filter>
105        </activity>
106
107        <service
107-->src/androidMain/AndroidManifest.xml:39:9-45:19
108            android:name="com.studies.rrbmustudies.messaging.RrbmuMessagingService"
108-->src/androidMain/AndroidManifest.xml:40:13-60
109            android:exported="false" >
109-->src/androidMain/AndroidManifest.xml:41:13-37
110            <intent-filter>
110-->src/androidMain/AndroidManifest.xml:42:13-44:29
111                <action android:name="com.google.firebase.MESSAGING_EVENT" />
111-->src/androidMain/AndroidManifest.xml:43:17-78
111-->src/androidMain/AndroidManifest.xml:43:25-75
112            </intent-filter>
113        </service>
114
115        <!-- Used when FCM displays the tray alert while the app is backgrounded. -->
116        <meta-data
116-->src/androidMain/AndroidManifest.xml:48:9-50:45
117            android:name="com.google.firebase.messaging.default_notification_channel_id"
117-->src/androidMain/AndroidManifest.xml:49:13-89
118            android:value="notifications" />
118-->src/androidMain/AndroidManifest.xml:50:13-42
119        <meta-data
119-->src/androidMain/AndroidManifest.xml:51:9-53:58
120            android:name="com.google.firebase.messaging.default_notification_icon"
120-->src/androidMain/AndroidManifest.xml:52:13-83
121            android:resource="@drawable/ic_stat_rrbmu" />
121-->src/androidMain/AndroidManifest.xml:53:13-55
122        <meta-data
123            android:name="com.google.android.gms.ads.APPLICATION_ID"
123-->src/androidMain/AndroidManifest.xml:55:13-69
124            android:value="ca-app-pub-3940256099942544~3347511713" />
124-->src/androidMain/AndroidManifest.xml:56:13-42
125
126        <property
126-->src/androidMain/AndroidManifest.xml:58:9-61:48
127            android:name="android.adservices.AD_SERVICES_CONFIG"
127-->src/androidMain/AndroidManifest.xml:59:13-65
128            android:resource="@xml/gma_ad_services_config" />
128-->src/androidMain/AndroidManifest.xml:60:13-59
129
130        <receiver
130-->[com.google.firebase:firebase-messaging:24.1.0] AndroidManifest.xml:29:9-40:20
131            android:name="com.google.firebase.iid.FirebaseInstanceIdReceiver"
131-->[com.google.firebase:firebase-messaging:24.1.0] AndroidManifest.xml:30:13-78
132            android:exported="true"
132-->[com.google.firebase:firebase-messaging:24.1.0] AndroidManifest.xml:31:13-36
133            android:permission="com.google.android.c2dm.permission.SEND" >
133-->[com.google.firebase:firebase-messaging:24.1.0] AndroidManifest.xml:32:13-73
134            <intent-filter>
134-->[com.google.firebase:firebase-messaging:24.1.0] AndroidManifest.xml:33:13-35:29
135                <action android:name="com.google.android.c2dm.intent.RECEIVE" />
135-->[com.google.firebase:firebase-messaging:24.1.0] AndroidManifest.xml:34:17-81
135-->[com.google.firebase:firebase-messaging:24.1.0] AndroidManifest.xml:34:25-78
136            </intent-filter>
137
138            <meta-data
138-->[com.google.firebase:firebase-messaging:24.1.0] AndroidManifest.xml:37:13-39:40
139                android:name="com.google.android.gms.cloudmessaging.FINISHED_AFTER_HANDLED"
139-->[com.google.firebase:firebase-messaging:24.1.0] AndroidManifest.xml:38:17-92
140                android:value="true" />
140-->[com.google.firebase:firebase-messaging:24.1.0] AndroidManifest.xml:39:17-37
141        </receiver>
142        <!--
143             FirebaseMessagingService performs security checks at runtime,
144             but set to not exported to explicitly avoid allowing another app to call it.
145        -->
146        <service
146-->[com.google.firebase:firebase-messaging:24.1.0] AndroidManifest.xml:46:9-53:19
147            android:name="com.google.firebase.messaging.FirebaseMessagingService"
147-->[com.google.firebase:firebase-messaging:24.1.0] AndroidManifest.xml:47:13-82
148            android:directBootAware="true"
148-->[com.google.firebase:firebase-messaging:24.1.0] AndroidManifest.xml:48:13-43
149            android:exported="false" >
149-->[com.google.firebase:firebase-messaging:24.1.0] AndroidManifest.xml:49:13-37
150            <intent-filter android:priority="-500" >
150-->src/androidMain/AndroidManifest.xml:42:13-44:29
151                <action android:name="com.google.firebase.MESSAGING_EVENT" />
151-->src/androidMain/AndroidManifest.xml:43:17-78
151-->src/androidMain/AndroidManifest.xml:43:25-75
152            </intent-filter>
153        </service>
154        <service
154-->[com.google.firebase:firebase-messaging:24.1.0] AndroidManifest.xml:54:9-63:19
155            android:name="com.google.firebase.components.ComponentDiscoveryService"
155-->[com.google.firebase:firebase-messaging:24.1.0] AndroidManifest.xml:55:13-84
156            android:directBootAware="true"
156-->[com.google.firebase:firebase-common:21.0.0] AndroidManifest.xml:32:13-43
157            android:exported="false" >
157-->[com.google.firebase:firebase-messaging:24.1.0] AndroidManifest.xml:56:13-37
158            <meta-data
158-->[com.google.firebase:firebase-messaging:24.1.0] AndroidManifest.xml:57:13-59:85
159                android:name="com.google.firebase.components:com.google.firebase.messaging.FirebaseMessagingKtxRegistrar"
159-->[com.google.firebase:firebase-messaging:24.1.0] AndroidManifest.xml:58:17-122
160                android:value="com.google.firebase.components.ComponentRegistrar" />
160-->[com.google.firebase:firebase-messaging:24.1.0] AndroidManifest.xml:59:17-82
161            <meta-data
161-->[com.google.firebase:firebase-messaging:24.1.0] AndroidManifest.xml:60:13-62:85
162                android:name="com.google.firebase.components:com.google.firebase.messaging.FirebaseMessagingRegistrar"
162-->[com.google.firebase:firebase-messaging:24.1.0] AndroidManifest.xml:61:17-119
163                android:value="com.google.firebase.components.ComponentRegistrar" />
163-->[com.google.firebase:firebase-messaging:24.1.0] AndroidManifest.xml:62:17-82
164            <meta-data
164-->[com.google.firebase:firebase-firestore:25.1.0] AndroidManifest.xml:17:13-19:85
165                android:name="com.google.firebase.components:com.google.firebase.firestore.FirebaseFirestoreKtxRegistrar"
165-->[com.google.firebase:firebase-firestore:25.1.0] AndroidManifest.xml:18:17-122
166                android:value="com.google.firebase.components.ComponentRegistrar" />
166-->[com.google.firebase:firebase-firestore:25.1.0] AndroidManifest.xml:19:17-82
167            <meta-data
167-->[com.google.firebase:firebase-firestore:25.1.0] AndroidManifest.xml:20:13-22:85
168                android:name="com.google.firebase.components:com.google.firebase.firestore.FirestoreRegistrar"
168-->[com.google.firebase:firebase-firestore:25.1.0] AndroidManifest.xml:21:17-111
169                android:value="com.google.firebase.components.ComponentRegistrar" />
169-->[com.google.firebase:firebase-firestore:25.1.0] AndroidManifest.xml:22:17-82
170            <meta-data
170-->[com.google.firebase:firebase-auth-ktx:23.0.0] AndroidManifest.xml:11:13-13:85
171                android:name="com.google.firebase.components:com.google.firebase.auth.ktx.FirebaseAuthLegacyRegistrar"
171-->[com.google.firebase:firebase-auth-ktx:23.0.0] AndroidManifest.xml:12:17-119
172                android:value="com.google.firebase.components.ComponentRegistrar" />
172-->[com.google.firebase:firebase-auth-ktx:23.0.0] AndroidManifest.xml:13:17-82
173            <meta-data
173-->[com.google.firebase:firebase-storage:21.0.0] AndroidManifest.xml:30:13-32:85
174                android:name="com.google.firebase.components:com.google.firebase.storage.FirebaseStorageKtxRegistrar"
174-->[com.google.firebase:firebase-storage:21.0.0] AndroidManifest.xml:31:17-118
175                android:value="com.google.firebase.components.ComponentRegistrar" />
175-->[com.google.firebase:firebase-storage:21.0.0] AndroidManifest.xml:32:17-82
176            <meta-data
176-->[com.google.firebase:firebase-storage:21.0.0] AndroidManifest.xml:33:13-35:85
177                android:name="com.google.firebase.components:com.google.firebase.storage.StorageRegistrar"
177-->[com.google.firebase:firebase-storage:21.0.0] AndroidManifest.xml:34:17-107
178                android:value="com.google.firebase.components.ComponentRegistrar" />
178-->[com.google.firebase:firebase-storage:21.0.0] AndroidManifest.xml:35:17-82
179            <meta-data
179-->[com.google.android.gms:play-services-measurement-api:22.1.0] AndroidManifest.xml:37:13-39:85
180                android:name="com.google.firebase.components:com.google.firebase.analytics.connector.internal.AnalyticsConnectorRegistrar"
180-->[com.google.android.gms:play-services-measurement-api:22.1.0] AndroidManifest.xml:38:17-139
181                android:value="com.google.firebase.components.ComponentRegistrar" />
181-->[com.google.android.gms:play-services-measurement-api:22.1.0] AndroidManifest.xml:39:17-82
182            <meta-data
182-->[com.google.firebase:firebase-installations:18.0.0] AndroidManifest.xml:15:13-17:85
183                android:name="com.google.firebase.components:com.google.firebase.installations.FirebaseInstallationsKtxRegistrar"
183-->[com.google.firebase:firebase-installations:18.0.0] AndroidManifest.xml:16:17-130
184                android:value="com.google.firebase.components.ComponentRegistrar" />
184-->[com.google.firebase:firebase-installations:18.0.0] AndroidManifest.xml:17:17-82
185            <meta-data
185-->[com.google.firebase:firebase-installations:18.0.0] AndroidManifest.xml:18:13-20:85
186                android:name="com.google.firebase.components:com.google.firebase.installations.FirebaseInstallationsRegistrar"
186-->[com.google.firebase:firebase-installations:18.0.0] AndroidManifest.xml:19:17-127
187                android:value="com.google.firebase.components.ComponentRegistrar" />
187-->[com.google.firebase:firebase-installations:18.0.0] AndroidManifest.xml:20:17-82
188            <meta-data
188-->[com.google.firebase:firebase-auth:23.0.0] AndroidManifest.xml:69:13-71:85
189                android:name="com.google.firebase.components:com.google.firebase.auth.FirebaseAuthRegistrar"
189-->[com.google.firebase:firebase-auth:23.0.0] AndroidManifest.xml:70:17-109
190                android:value="com.google.firebase.components.ComponentRegistrar" />
190-->[com.google.firebase:firebase-auth:23.0.0] AndroidManifest.xml:71:17-82
191            <meta-data
191-->[com.google.firebase:firebase-appcheck:18.0.0] AndroidManifest.xml:25:13-27:85
192                android:name="com.google.firebase.components:com.google.firebase.appcheck.FirebaseAppCheckKtxRegistrar"
192-->[com.google.firebase:firebase-appcheck:18.0.0] AndroidManifest.xml:26:17-120
193                android:value="com.google.firebase.components.ComponentRegistrar" />
193-->[com.google.firebase:firebase-appcheck:18.0.0] AndroidManifest.xml:27:17-82
194            <meta-data
194-->[com.google.firebase:firebase-appcheck:18.0.0] AndroidManifest.xml:28:13-30:85
195                android:name="com.google.firebase.components:com.google.firebase.appcheck.FirebaseAppCheckRegistrar"
195-->[com.google.firebase:firebase-appcheck:18.0.0] AndroidManifest.xml:29:17-117
196                android:value="com.google.firebase.components.ComponentRegistrar" />
196-->[com.google.firebase:firebase-appcheck:18.0.0] AndroidManifest.xml:30:17-82
197            <meta-data
197-->[com.google.firebase:firebase-common-ktx:21.0.0] AndroidManifest.xml:12:13-14:85
198                android:name="com.google.firebase.components:com.google.firebase.ktx.FirebaseCommonLegacyRegistrar"
198-->[com.google.firebase:firebase-common-ktx:21.0.0] AndroidManifest.xml:13:17-116
199                android:value="com.google.firebase.components.ComponentRegistrar" />
199-->[com.google.firebase:firebase-common-ktx:21.0.0] AndroidManifest.xml:14:17-82
200            <meta-data
200-->[com.google.firebase:firebase-common:21.0.0] AndroidManifest.xml:35:13-37:85
201                android:name="com.google.firebase.components:com.google.firebase.FirebaseCommonKtxRegistrar"
201-->[com.google.firebase:firebase-common:21.0.0] AndroidManifest.xml:36:17-109
202                android:value="com.google.firebase.components.ComponentRegistrar" />
202-->[com.google.firebase:firebase-common:21.0.0] AndroidManifest.xml:37:17-82
203            <meta-data
203-->[com.google.firebase:firebase-datatransport:18.2.0] AndroidManifest.xml:25:13-27:85
204                android:name="com.google.firebase.components:com.google.firebase.datatransport.TransportRegistrar"
204-->[com.google.firebase:firebase-datatransport:18.2.0] AndroidManifest.xml:26:17-115
205                android:value="com.google.firebase.components.ComponentRegistrar" />
205-->[com.google.firebase:firebase-datatransport:18.2.0] AndroidManifest.xml:27:17-82
206        </service>
207
208        <activity
208-->[com.google.firebase:firebase-auth:23.0.0] AndroidManifest.xml:29:9-46:20
209            android:name="com.google.firebase.auth.internal.GenericIdpActivity"
209-->[com.google.firebase:firebase-auth:23.0.0] AndroidManifest.xml:30:13-80
210            android:excludeFromRecents="true"
210-->[com.google.firebase:firebase-auth:23.0.0] AndroidManifest.xml:31:13-46
211            android:exported="true"
211-->[com.google.firebase:firebase-auth:23.0.0] AndroidManifest.xml:32:13-36
212            android:launchMode="singleTask"
212-->[com.google.firebase:firebase-auth:23.0.0] AndroidManifest.xml:33:13-44
213            android:theme="@android:style/Theme.Translucent.NoTitleBar" >
213-->[com.google.firebase:firebase-auth:23.0.0] AndroidManifest.xml:34:13-72
214            <intent-filter>
214-->[com.google.firebase:firebase-auth:23.0.0] AndroidManifest.xml:35:13-45:29
215                <action android:name="android.intent.action.VIEW" />
215-->src/androidMain/AndroidManifest.xml:31:17-69
215-->src/androidMain/AndroidManifest.xml:31:25-66
216
217                <category android:name="android.intent.category.DEFAULT" />
217-->src/androidMain/AndroidManifest.xml:27:17-76
217-->src/androidMain/AndroidManifest.xml:27:27-73
218                <category android:name="android.intent.category.BROWSABLE" />
218-->src/androidMain/AndroidManifest.xml:33:17-78
218-->src/androidMain/AndroidManifest.xml:33:27-75
219
220                <data
220-->src/androidMain/AndroidManifest.xml:34:17-83
221                    android:host="firebase.auth"
221-->src/androidMain/AndroidManifest.xml:34:53-80
222                    android:path="/"
223                    android:scheme="genericidp" />
223-->src/androidMain/AndroidManifest.xml:34:23-52
224            </intent-filter>
225        </activity>
226        <activity
226-->[com.google.firebase:firebase-auth:23.0.0] AndroidManifest.xml:47:9-64:20
227            android:name="com.google.firebase.auth.internal.RecaptchaActivity"
227-->[com.google.firebase:firebase-auth:23.0.0] AndroidManifest.xml:48:13-79
228            android:excludeFromRecents="true"
228-->[com.google.firebase:firebase-auth:23.0.0] AndroidManifest.xml:49:13-46
229            android:exported="true"
229-->[com.google.firebase:firebase-auth:23.0.0] AndroidManifest.xml:50:13-36
230            android:launchMode="singleTask"
230-->[com.google.firebase:firebase-auth:23.0.0] AndroidManifest.xml:51:13-44
231            android:theme="@android:style/Theme.Translucent.NoTitleBar" >
231-->[com.google.firebase:firebase-auth:23.0.0] AndroidManifest.xml:52:13-72
232            <intent-filter>
232-->[com.google.firebase:firebase-auth:23.0.0] AndroidManifest.xml:53:13-63:29
233                <action android:name="android.intent.action.VIEW" />
233-->src/androidMain/AndroidManifest.xml:31:17-69
233-->src/androidMain/AndroidManifest.xml:31:25-66
234
235                <category android:name="android.intent.category.DEFAULT" />
235-->src/androidMain/AndroidManifest.xml:27:17-76
235-->src/androidMain/AndroidManifest.xml:27:27-73
236                <category android:name="android.intent.category.BROWSABLE" />
236-->src/androidMain/AndroidManifest.xml:33:17-78
236-->src/androidMain/AndroidManifest.xml:33:27-75
237
238                <data
238-->src/androidMain/AndroidManifest.xml:34:17-83
239                    android:host="firebase.auth"
239-->src/androidMain/AndroidManifest.xml:34:53-80
240                    android:path="/"
241                    android:scheme="recaptcha" />
241-->src/androidMain/AndroidManifest.xml:34:23-52
242            </intent-filter>
243        </activity>
244
245        <provider
245-->[com.google.firebase:firebase-common:21.0.0] AndroidManifest.xml:23:9-28:39
246            android:name="com.google.firebase.provider.FirebaseInitProvider"
246-->[com.google.firebase:firebase-common:21.0.0] AndroidManifest.xml:24:13-77
247            android:authorities="com.studies.rrbmustudies.firebaseinitprovider"
247-->[com.google.firebase:firebase-common:21.0.0] AndroidManifest.xml:25:13-72
248            android:directBootAware="true"
248-->[com.google.firebase:firebase-common:21.0.0] AndroidManifest.xml:26:13-43
249            android:exported="false"
249-->[com.google.firebase:firebase-common:21.0.0] AndroidManifest.xml:27:13-37
250            android:initOrder="100" />
250-->[com.google.firebase:firebase-common:21.0.0] AndroidManifest.xml:28:13-36
251
252        <receiver
252-->[com.google.android.gms:play-services-measurement:22.1.0] AndroidManifest.xml:29:9-33:20
253            android:name="com.google.android.gms.measurement.AppMeasurementReceiver"
253-->[com.google.android.gms:play-services-measurement:22.1.0] AndroidManifest.xml:30:13-85
254            android:enabled="true"
254-->[com.google.android.gms:play-services-measurement:22.1.0] AndroidManifest.xml:31:13-35
255            android:exported="false" >
255-->[com.google.android.gms:play-services-measurement:22.1.0] AndroidManifest.xml:32:13-37
256        </receiver>
257
258        <service
258-->[com.google.android.gms:play-services-measurement:22.1.0] AndroidManifest.xml:35:9-38:40
259            android:name="com.google.android.gms.measurement.AppMeasurementService"
259-->[com.google.android.gms:play-services-measurement:22.1.0] AndroidManifest.xml:36:13-84
260            android:enabled="true"
260-->[com.google.android.gms:play-services-measurement:22.1.0] AndroidManifest.xml:37:13-35
261            android:exported="false" />
261-->[com.google.android.gms:play-services-measurement:22.1.0] AndroidManifest.xml:38:13-37
262        <service
262-->[com.google.android.gms:play-services-measurement:22.1.0] AndroidManifest.xml:39:9-43:72
263            android:name="com.google.android.gms.measurement.AppMeasurementJobService"
263-->[com.google.android.gms:play-services-measurement:22.1.0] AndroidManifest.xml:40:13-87
264            android:enabled="true"
264-->[com.google.android.gms:play-services-measurement:22.1.0] AndroidManifest.xml:41:13-35
265            android:exported="false"
265-->[com.google.android.gms:play-services-measurement:22.1.0] AndroidManifest.xml:42:13-37
266            android:permission="android.permission.BIND_JOB_SERVICE" />
266-->[com.google.android.gms:play-services-measurement:22.1.0] AndroidManifest.xml:43:13-69
267
268        <provider
268-->[org.jetbrains.compose.components:components-resources-android:1.7.3] AndroidManifest.xml:8:9-13:20
269            android:name="org.jetbrains.compose.resources.AndroidContextProvider"
269-->[org.jetbrains.compose.components:components-resources-android:1.7.3] AndroidManifest.xml:9:13-82